<?xml version="1.0" encoding="UTF-8"?>
<!-- Generated by org.testng.reporters.JUnitReportReporter -->
<testsuite skipped="0" hostname="DESKTOP-DSJT87P" name="com.amazon.Testcases.ValidateAmazontest" tests="1" failures="0" timestamp="15 Oct 2018 01:36:16 GMT" time="30.693" errors="0">
  <testcase name="verifyhomepage" time="30.693" classname="com.amazon.Testcases.ValidateAmazontest"/>
</testsuite> <!-- com.amazon.Testcases.ValidateAmazontest -->
